<?xml version="1.0" encoding="UTF-8"?>
<!-- Generated by org.testng.reporters.JUnitXMLReporter -->
<testsuite hostname="CTSNJY27104" name="player in Chrome" tests="2" failures="0" timestamp="7 Nov 2014 23:22:13 GMT" time="0.05" errors="0">
  <testcase name="@BeforeClass setUp" time="0.0" classname="com.selenium.FirstTest">
    <failure type="java.lang.NoSuchMethodError" message="org.openqa.selenium.os.CommandLine.findExecutable(Ljava/lang/String;)Ljava/lang/String;">
      <![CDATA[java.lang.NoSuchMethodError: org.openqa.selenium.os.CommandLine.findExecutable(Ljava/lang/String;)Ljava/lang/String;
	at org.openqa.selenium.chrome.ChromeDriverService.createDefaultService(ChromeDriverService.java:83)
	at org.openqa.selenium.chrome.ChromeDriver.<init>(ChromeDriver.java:87)
	at com.selenium.FirstTest.setUp(FirstTest.java:56)
	at java.util.concurrent.FutureTask.run(Unknown Source)
	at java.util.concurrent.ThreadPoolExecutor.runWorker(Unknown Source)
	at java.util.concurrent.ThreadPoolExecutor$Worker.run(Unknown Source)
	at java.lang.Thread.run(Unknown Source)
... Removed 16 stack frames]]>
    </failure>
  </testcase> <!-- @BeforeClass setUp -->
  <testcase name="@AfterClass after_test" time="0.0" classname="com.selenium.FirstTest">
    <skipped/>
  </testcase> <!-- @AfterClass after_test -->
  <testcase name="homepageTest" time="0.0" classname="com.selenium.FirstTest">
    <skipped/>
  </testcase> <!-- homepageTest -->
  <testcase name="loginTest" time="0.0" classname="com.selenium.FirstTest">
    <skipped/>
  </testcase> <!-- loginTest -->
</testsuite> <!-- player in Chrome -->
