<?xml version="1.0" encoding="UTF-8"?>
<testng-results skipped="0" failed="0" total="2" passed="2">
  <reporter-output>
  </reporter-output>
  <suite name="Sample test Suite" duration-ms="4343" started-at="2014-11-08T05:39:17Z" finished-at="2014-11-08T05:39:21Z">
    <groups>
    </groups>
    <test name="player in FireFox1" duration-ms="4343" started-at="2014-11-08T05:39:17Z" finished-at="2014-11-08T05:39:21Z">
      <class name="com.selenium.loginTest">
        <test-method status="PASS" signature="initBrowser(java.lang.String)[pri:0, instance:com.selenium.loginTest@ba4539]" name="initBrowser" is-config="true" duration-ms="5402" started-at="2014-11-07T22:39:11Z" finished-at="2014-11-07T22:39:17Z">
          <params>
            <param index="0">
              <value>
                <![CDATA[FireFox]]>
              </value>
            </param>
          </params>
          <reporter-output>
          </reporter-output>
        </test-method> <!-- initBrowser -->
        <test-method status="PASS" signature="login_neg_Test(java.lang.String, java.lang.String, java.lang.String)[pri:0, instance:com.selenium.loginTest@ba4539]" name="login_neg_Test" duration-ms="2845" started-at="2014-11-07T22:39:17Z" data-provider="Login" finished-at="2014-11-07T22:39:19Z">
          <params>
            <param index="0">
              <value>
                <![CDATA[admin]]>
              </value>
            </param>
            <param index="1">
              <value>
                <![CDATA[ ]]>
              </value>
            </param>
            <param index="2">
              <value>
                <![CDATA[ERROR: The password field is empty.]]>
              </value>
            </param>
          </params>
          <reporter-output>
          </reporter-output>
        </test-method> <!-- login_neg_Test -->
        <test-method status="PASS" signature="login_neg_Test(java.lang.String, java.lang.String, java.lang.String)[pri:0, instance:com.selenium.loginTest@ba4539]" name="login_neg_Test" duration-ms="1488" started-at="2014-11-07T22:39:19Z" data-provider="Login" finished-at="2014-11-07T22:39:21Z">
          <params>
            <param index="0">
              <value>
                <![CDATA[admin]]>
              </value>
            </param>
            <param index="1">
              <value>
                <![CDATA[demo123]]>
              </value>
            </param>
            <param index="2">
              <value>
                <![CDATA[WordPress Demo Install]]>
              </value>
            </param>
          </params>
          <reporter-output>
          </reporter-output>
        </test-method> <!-- login_neg_Test -->
        <test-method status="PASS" signature="closeBrowser()[pri:0, instance:com.selenium.loginTest@ba4539]" name="closeBrowser" is-config="true" duration-ms="140" started-at="2014-11-07T22:39:21Z" finished-at="2014-11-07T22:39:21Z">
          <reporter-output>
          </reporter-output>
        </test-method> <!-- closeBrowser -->
      </class> <!-- com.selenium.loginTest -->
    </test> <!-- player in FireFox1 -->
  </suite> <!-- Sample test Suite -->
</testng-results>
